e:\code\yvpn\yvpn\debug\yvpn_d.pch
e:\code\yvpn\yvpn\debug\vc120.pdb
e:\code\yvpn\yvpn\debug\vc120.idb
e:\code\yvpn\yvpn\debug\stdafx.obj
e:\code\yvpn\yvpn\debug\cppsqlite3.obj
e:\code\yvpn\yvpn\debug\hostlistitem.obj
e:\code\yvpn\yvpn\debug\ipfinder.obj
e:\code\yvpn\yvpn\debug\mainframe.obj
e:\code\yvpn\yvpn\debug\route.obj
e:\code\yvpn\yvpn\debug\unit.obj
e:\code\yvpn\yvpn\debug\yvpn.obj
e:\code\yvpn\yvpn\debug\sqlite3.obj
e:\code\yvpn\bin\yvpn_d.ilk
e:\code\yvpn\bin\yvpn_d.exe
e:\code\yvpn\bin\yvpn_d.pdb
e:\code\yvpn\yvpn\debug\yvpn.res
e:\code\yvpn\yvpn\..\bin\yvpn_d.exe
e:\code\yvpn\yvpn\debug\yvpn.tlog\cl.command.1.tlog
e:\code\yvpn\yvpn\debug\yvpn.tlog\cl.read.1.tlog
e:\code\yvpn\yvpn\debug\yvpn.tlog\cl.write.1.tlog
e:\code\yvpn\yvpn\debug\yvpn.tlog\link.command.1.tlog
e:\code\yvpn\yvpn\debug\yvpn.tlog\link.read.1.tlog
e:\code\yvpn\yvpn\debug\yvpn.tlog\link.write.1.tlog
e:\code\yvpn\yvpn\debug\yvpn.tlog\rc.command.1.tlog
e:\code\yvpn\yvpn\debug\yvpn.tlog\rc.read.1.tlog
e:\code\yvpn\yvpn\debug\yvpn.tlog\rc.write.1.tlog
