e:\code\yvpn\yvpn\release\vc120.pdb
e:\code\yvpn\yvpn\release\sqlite3.obj
e:\code\yvpn\yvpn\release\yvpn.pch
e:\code\yvpn\yvpn\release\stdafx.obj
e:\code\yvpn\yvpn\release\yvpn.obj
e:\code\yvpn\yvpn\release\unit.obj
e:\code\yvpn\yvpn\release\ipfinder.obj
e:\code\yvpn\yvpn\release\hostlistitem.obj
e:\code\yvpn\yvpn\release\cppsqlite3.obj
e:\code\yvpn\yvpn\release\mainframe.obj
e:\code\yvpn\bin\yvpn.exe
e:\code\yvpn\bin\yvpn.pdb
e:\code\yvpn\yvpn\release\yvpn.res
e:\code\yvpn\yvpn\..\bin\yvpn.exe
e:\code\yvpn\yvpn\release\yvpn.tlog\cl.command.1.tlog
e:\code\yvpn\yvpn\release\yvpn.tlog\cl.read.1.tlog
e:\code\yvpn\yvpn\release\yvpn.tlog\cl.write.1.tlog
e:\code\yvpn\yvpn\release\yvpn.tlog\link.command.1.tlog
e:\code\yvpn\yvpn\release\yvpn.tlog\link.read.1.tlog
e:\code\yvpn\yvpn\release\yvpn.tlog\link.write.1.tlog
e:\code\yvpn\yvpn\release\yvpn.tlog\rc.command.1.tlog
e:\code\yvpn\yvpn\release\yvpn.tlog\rc.read.1.tlog
e:\code\yvpn\yvpn\release\yvpn.tlog\rc.write.1.tlog
